生成启动时间为 2015/9/22 13:56:01。
     1>项目“F:\MatchingPrecisionProject - NOF\MatchingPrecisionProject - NOF\MatchingPrecisionProject - NOF.vcxproj”在节点 2 上(Build 个目标)。
     1>ClCompile:
         C:\Program Files (x86)\Microsoft Visual Studio 12.0\VC\bin\CL.exe /c /Zi /nologo /W3 /WX- /O2 /Oi /Oy- /GL /D WIN32 /D NDEBUG /D _CONSOLE /D _LIB /D _UNICODE /D UNICODE /Gm- /EHsc /MD /GS /Gy /fp:precise /Zc:wchar_t /Zc:forScope /Fo"Release\\" /Fd"Release\vc120.pdb" /Gd /TP /analyze- /errorReport:prompt ImageTransform.cpp MainProc.cpp NOF.cpp PrecisionEvaluator.cpp
         ImageTransform.cpp
     1>ImageTransform.cpp(12): warning C4244: “参数”: 从“const int”转换到“float”，可能丢失数据
     1>ImageTransform.cpp(35): warning C4244: “参数”: 从“const int”转换到“float”，可能丢失数据
     1>ImageTransform.cpp(44): warning C4244: “参数”: 从“double”转换到“int”，可能丢失数据
     1>ImageTransform.cpp(142): warning C4244: “+=”: 从“double”转换到“uchar”，可能丢失数据
         MainProc.cpp
         NOF.cpp
     1>NOF.cpp(134): warning C4244: “=”: 从“float”转换到“int”，可能丢失数据
     1>NOF.cpp(157): warning C4101: “temp”: 未引用的局部变量
     1>NOF.cpp(271): warning C4018: “<”: 有符号/无符号不匹配
     1>NOF.cpp(292): warning C4018: “<”: 有符号/无符号不匹配
     1>NOF.cpp(621): warning C4018: “<”: 有符号/无符号不匹配
     1>NOF.cpp(657): warning C4018: “<”: 有符号/无符号不匹配
         PrecisionEvaluator.cpp
     1>PrecisionEvaluator.cpp(142): warning C4305: “初始化”: 从“double”到“float”截断
       Link:
         C:\Program Files (x86)\Microsoft Visual Studio 12.0\VC\bin\link.exe /ERRORREPORT:PROMPT /OUT:"F:\MatchingPrecisionProject - NOF\Release\MatchingPrecisionProject - NOF.exe" /INCREMENTAL:NO /NOLOGO opencv_calib3d249.lib opencv_contrib249.lib opencv_core249.lib opencv_features2d249.lib opencv_flann249.lib opencv_gpu249.lib opencv_highgui249.lib opencv_imgproc249.lib opencv_legacy249.lib opencv_ml249.lib opencv_nonfree249.lib opencv_objdetect249.lib opencv_ocl249.lib opencv_photo249.lib opencv_stitching249.lib opencv_superres249.lib opencv_ts249.lib opencv_video249.lib opencv_videostab249.lib kernel32.lib user32.lib gdi32.lib winspool.lib comdlg32.lib advapi32.lib shell32.lib ole32.lib oleaut32.lib uuid.lib odbc32.lib odbccp32.lib /MANIFEST /MANIFESTUAC:"level='asInvoker' uiAccess='false'" /manifest:embed /DEBUG /PDB:"F:\MatchingPrecisionProject - NOF\Release\MatchingPrecisionProject - NOF.pdb" /SUBSYSTEM:CONSOLE /OPT:REF /OPT:ICF /LTCG /TLBID:1 /DYNAMICBASE /NXCOMPAT /IMPLIB:"F:\MatchingPrecisionProject - NOF\Release\MatchingPrecisionProject - NOF.lib" /MACHINE:X86 /SAFESEH Release\ImageTransform.obj
         Release\MainProc.obj
         Release\NOF.obj
         Release\PrecisionEvaluator.obj
         正在生成代码
         已完成代码的生成
         MatchingPrecisionProject - NOF.vcxproj -> F:\MatchingPrecisionProject - NOF\Release\MatchingPrecisionProject - NOF.exe
     1>已完成生成项目“F:\MatchingPrecisionProject - NOF\MatchingPrecisionProject - NOF\MatchingPrecisionProject - NOF.vcxproj”(Build 个目标)的操作。

生成成功。

已用时间 00:00:12.16
